<?xml version="1.0" encoding="UTF-8"?>
<!-- Generated by org.testng.reporters.JUnitReportReporter -->
<testsuite hostname="DESKTOP-E8O95M6" name="com.test.aaa.Datee" tests="1" failures="0" timestamp="10 Nov 2020 05:49:24 GMT" time="0.023" errors="0">
  <testcase name="dateinp" time="0.023" classname="com.test.aaa.Datee"/>
</testsuite> <!-- com.test.aaa.Datee -->
