<?xml version="1.0" encoding="UTF-8"?>
<!-- Generated by org.testng.reporters.JUnitReportReporter -->
<testsuite hostname="DESKTOP-E8O95M6" name="com.test.aaa.A.wx" tests="1" failures="0" timestamp="9 Nov 2020 06:51:54 GMT" time="31.761" errors="0">
  <testcase name="publishWx" time="31.761" classname="com.test.aaa.A.wx"/>
</testsuite> <!-- com.test.aaa.A.wx -->
