<?xml version="1.0" encoding="UTF-8"?>
<!-- Generated by org.testng.reporters.JUnitReportReporter -->
<testsuite hostname="DESKTOP-E8O95M6" name="com.test.aaa.ExcWrite" tests="1" failures="0" timestamp="17 Nov 2020 02:57:27 GMT" time="0.283" errors="0">
  <testcase name="test" time="0.283" classname="com.test.aaa.ExcWrite"/>
</testsuite> <!-- com.test.aaa.ExcWrite -->
