<?xml version="1.0" encoding="UTF-8"?>
<!-- Generated by org.testng.reporters.JUnitReportReporter -->
<testsuite hostname="DESKTOP-E8O95M6" name="test.test.ExcTest" tests="4" failures="0" timestamp="13 Nov 2020 08:35:11 GMT" time="0.010" errors="0">
  <testcase name="testT" time="0.001" classname="test.test.ExcTest"/>
  <testcase name="testT" time="0.007" classname="test.test.ExcTest"/>
  <testcase name="testT" time="0.001" classname="test.test.ExcTest"/>
  <testcase name="testT" time="0.001" classname="test.test.ExcTest"/>
</testsuite> <!-- test.test.ExcTest -->
