<?xml version="1.0" encoding="UTF-8"?>
<!-- Generated by org.testng.reporters.JUnitReportReporter -->
<testsuite hostname="DESKTOP-E8O95M6" name="test.test.TestTTTT" tests="3" failures="0" timestamp="24 Nov 2020 01:56:50 GMT" time="0.000" errors="0">
  <testcase name="testB" time="0.000" classname="test.test.TestTTTT"/>
  <testcase name="testA" time="0.000" classname="test.test.TestTTTT"/>
  <testcase name="testA" time="0.000" classname="test.test.TestTTTT"/>
</testsuite> <!-- test.test.TestTTTT -->
