<?xml version="1.0" encoding="UTF-8"?>
<!-- Generated by org.testng.reporters.JUnitReportReporter -->
<testsuite hostname="DESKTOP-E8O95M6" name="test.test.TestMethods" tests="2" failures="0" timestamp="24 Nov 2020 01:56:50 GMT" time="0.032" errors="0">
  <testcase name="testtes2" time="0.016" classname="test.test.TestMethods"/>
  <testcase name="testtes1" time="0.016" classname="test.test.TestMethods"/>
</testsuite> <!-- test.test.TestMethods -->
