<?xml version="1.0" encoding="UTF-8"?>
<!-- Generated by org.testng.reporters.JUnitReportReporter -->
<testsuite hostname="DESKTOP-E8O95M6" name="com.test.aaa.A.wxbj" tests="1" failures="0" timestamp="2 Nov 2020 08:53:00 GMT" time="35.824" errors="0">
  <testcase name="wxbjTopublishWx" time="35.824" classname="com.test.aaa.A.wxbj"/>
</testsuite> <!-- com.test.aaa.A.wxbj -->
