<?xml version="1.0" encoding="UTF-8"?>
<!-- Generated by org.testng.reporters.JUnitReportReporter -->
<testsuite hostname="DESKTOP-E8O95M6" name="test.test.TestClass" tests="4" failures="0" timestamp="24 Nov 2020 01:56:50 GMT" time="0.078" errors="0">
  <testcase name="testClasstes2" time="0.000" classname="test.test.TestClass"/>
  <testcase name="testClasstes2" time="0.000" classname="test.test.TestClass"/>
  <testcase name="testClasstes1" time="0.062" classname="test.test.TestClass"/>
  <testcase name="testClasstes1" time="0.016" classname="test.test.TestClass"/>
</testsuite> <!-- test.test.TestClass -->
