<?xml version="1.0" encoding="UTF-8"?>
<!-- Generated by org.testng.reporters.JUnitReportReporter -->
<testsuite hostname="DESKTOP-E8O95M6" name="test.test.TestFZ" tests="8" failures="0" timestamp="24 Nov 2020 02:39:28 GMT" time="0.105" errors="0">
  <testcase name="testfz" time="0.003" classname="test.test.TestFZ"/>
  <testcase name="testfz" time="0.003" classname="test.test.TestFZ"/>
  <testcase name="testfz" time="0.003" classname="test.test.TestFZ"/>
  <testcase name="testfz" time="0.058" classname="test.test.TestFZ"/>
  <testcase name="testfz" time="0.031" classname="test.test.TestFZ"/>
  <testcase name="testfz" time="0.003" classname="test.test.TestFZ"/>
  <testcase name="testfz" time="0.002" classname="test.test.TestFZ"/>
  <testcase name="testfz" time="0.002" classname="test.test.TestFZ"/>
</testsuite> <!-- test.test.TestFZ -->
