<?xml version="1.0" encoding="UTF-8"?>
<!-- Generated by org.testng.reporters.JUnitReportReporter -->
<testsuite hostname="DESKTOP-E8O95M6" name="com.test.aaa.date" tests="1" failures="0" timestamp="6 Nov 2020 06:23:55 GMT" time="0.012" errors="0">
  <testcase name="numTest" time="0.012" classname="com.test.aaa.date"/>
</testsuite> <!-- com.test.aaa.date -->
