<?xml version="1.0" encoding="UTF-8"?>
<!-- Generated by org.testng.reporters.JUnitReportReporter -->
<testsuite hostname="DESKTOP-E8O95M6" name="com.test.aaa.Numm" tests="1" failures="0" timestamp="9 Nov 2020 07:59:33 GMT" time="0.013" errors="0">
  <testcase name="numt" time="0.013" classname="com.test.aaa.Numm"/>
</testsuite> <!-- com.test.aaa.Numm -->
