<?xml version="1.0" encoding="UTF-8"?>
<!-- Generated by org.testng.reporters.JUnitReportReporter -->
<testsuite hostname="DESKTOP-E8O95M6" name="com.test.common.LoggerCon" tests="1" failures="0" timestamp="23 Nov 2020 02:17:52 GMT" time="0.057" errors="0">
  <testcase name="quitDriver" time="0.057" classname="com.test.common.LoggerCon"/>
</testsuite> <!-- com.test.common.LoggerCon -->
