<?xml version="1.0" encoding="UTF-8"?>
<!-- Generated by org.testng.reporters.JUnitReportReporter -->
<testsuite hostname="DESKTOP-E8O95M6" name="com.test.aaa.LoggerCon" tests="1" failures="0" timestamp="17 Nov 2020 02:06:30 GMT" time="0.069" errors="0">
  <testcase name="quitDriver" time="0.069" classname="com.test.aaa.LoggerCon"/>
</testsuite> <!-- com.test.aaa.LoggerCon -->
